{"numFailedTestSuites":0,"numFailedTests":0,"numPassedTestSuites":4,"numPassedTests":50,"numPendingTestSuites":0,"numPendingTests":0,"numRuntimeErrorTestSuites":0,"numTodoTests":0,"numTotalTestSuites":4,"numTotalTests":50,"openHandles":[],"snapshot":{"added":0,"didUpdate":false,"failure":false,"filesAdded":0,"filesRemoved":0,"filesRemovedList":[],"filesUnmatched":0,"filesUpdated":0,"matched":0,"total":0,"unchecked":0,"uncheckedKeysByFile":[],"unmatched":0,"updated":0},"startTime":1765929744517,"success":true,"testResults":[{"assertionResults":[{"ancestorTitles":["Order Service","createOrder"],"duration":5,"failureDetails":[],"failureMessages":[],"fullName":"Order Service createOrder 주문 생성 성공","invocations":1,"location":null,"numPassingAsserts":5,"retryReasons":[],"status":"passed","title":"주문 생성 성공"},{"ancestorTitles":["Order Service","createOrder"],"duration":7,"failureDetails":[],"failureMessages":[],"fullName":"Order Service createOrder 판매 불가능한 메뉴 주문 시 에러","invocations":1,"location":null,"numPassingAsserts":1,"retryReasons":[],"status":"passed","title":"판매 불가능한 메뉴 주문 시 에러"},{"ancestorTitles":["Order Service","createOrder"],"duration":0,"failureDetails":[],"failureMessages":[],"fullName":"Order Service createOrder 결제 실패 시 주문 생성 실패","invocations":1,"location":null,"numPassingAsserts":1,"retryReasons":[],"status":"passed","title":"결제 실패 시 주문 생성 실패"},{"ancestorTitles":["Order Service","updateOrderStatus"],"duration":1,"failureDetails":[],"failureMessages":[],"fullName":"Order Service updateOrderStatus 주문 상태 업데이트 성공","invocations":1,"location":null,"numPassingAsserts":2,"retryReasons":[],"status":"passed","title":"주문 상태 업데이트 성공"},{"ancestorTitles":["Order Service","updateOrderStatus"],"duration":3,"failureDetails":[],"failureMessages":[],"fullName":"Order Service updateOrderStatus 유효하지 않은 상태 값으로 업데이트 시 에러","invocations":1,"location":null,"numPassingAsserts":1,"retryReasons":[],"status":"passed","title":"유효하지 않은 상태 값으로 업데이트 시 에러"},{"ancestorTitles":["Order Service","updateOrderStatus"],"duration":0,"failureDetails":[],"failureMessages":[],"fullName":"Order Service updateOrderStatus 존재하지 않는 주문 업데이트 시 에러","invocations":1,"location":null,"numPassingAsserts":1,"retryReasons":[],"status":"passed","title":"존재하지 않는 주문 업데이트 시 에러"},{"ancestorTitles":["Order Service","getUserOrders"],"duration":1,"failureDetails":[],"failureMessages":[],"fullName":"Order Service getUserOrders 사용자 주문 목록 조회","invocations":1,"location":null,"numPassingAsserts":3,"retryReasons":[],"status":"passed","title":"사용자 주문 목록 조회"},{"ancestorTitles":["Order Service","getUserOrders"],"duration":0,"failureDetails":[],"failureMessages":[],"fullName":"Order Service getUserOrders 상태별 필터링","invocations":1,"location":null,"numPassingAsserts":0,"retryReasons":[],"status":"passed","title":"상태별 필터링"},{"ancestorTitles":["Order Service","cancelOrder"],"duration":1,"failureDetails":[],"failureMessages":[],"fullName":"Order Service cancelOrder 주문 취소 성공","invocations":1,"location":null,"numPassingAsserts":2,"retryReasons":[],"status":"passed","title":"주문 취소 성공"},{"ancestorTitles":["Order Service","cancelOrder"],"duration":0,"failureDetails":[],"failureMessages":[],"fullName":"Order Service cancelOrder 이미 제조 중인 주문 취소 시 에러","invocations":1,"location":null,"numPassingAsserts":1,"retryReasons":[],"status":"passed","title":"이미 제조 중인 주문 취소 시 에러"}],"endTime":1765929744790,"message":"","name":"C:\\DEV\\cursor_pro\\OrderBean\\backend\\__tests__\\unit\\services\\orderService.test.js","startTime":1765929744558,"status":"passed","summary":""},{"assertionResults":[{"ancestorTitles":["Recipe Service","createRecipe"],"duration":1,"failureDetails":[],"failureMessages":[],"fullName":"Recipe Service createRecipe 레시피 생성 성공","invocations":1,"location":null,"numPassingAsserts":4,"retryReasons":[],"status":"passed","title":"레시피 생성 성공"},{"ancestorTitles":["Recipe Service","createRecipe"],"duration":4,"failureDetails":[],"failureMessages":[],"fullName":"Recipe Service createRecipe 레시피 이름 중복 시 에러","invocations":1,"location":null,"numPassingAsserts":1,"retryReasons":[],"status":"passed","title":"레시피 이름 중복 시 에러"},{"ancestorTitles":["Recipe Service","createRecipe"],"duration":1,"failureDetails":[],"failureMessages":[],"fullName":"Recipe Service createRecipe 필수 필드 누락 시 에러","invocations":1,"location":null,"numPassingAsserts":1,"retryReasons":[],"status":"passed","title":"필수 필드 누락 시 에러"},{"ancestorTitles":["Recipe Service","getUserRecipes"],"duration":0,"failureDetails":[],"failureMessages":[],"fullName":"Recipe Service getUserRecipes 사용자 레시피 목록 조회","invocations":1,"location":null,"numPassingAsserts":3,"retryReasons":[],"status":"passed","title":"사용자 레시피 목록 조회"},{"ancestorTitles":["Recipe Service","getUserRecipes"],"duration":1,"failureDetails":[],"failureMessages":[],"fullName":"Recipe Service getUserRecipes 레시피가 없는 경우 빈 배열 반환","invocations":1,"location":null,"numPassingAsserts":1,"retryReasons":[],"status":"passed","title":"레시피가 없는 경우 빈 배열 반환"},{"ancestorTitles":["Recipe Service","getRecipeById"],"duration":0,"failureDetails":[],"failureMessages":[],"fullName":"Recipe Service getRecipeById 레시피 상세 조회 성공","invocations":1,"location":null,"numPassingAsserts":3,"retryReasons":[],"status":"passed","title":"레시피 상세 조회 성공"},{"ancestorTitles":["Recipe Service","getRecipeById"],"duration":0,"failureDetails":[],"failureMessages":[],"fullName":"Recipe Service getRecipeById 다른 사용자의 레시피 조회 시 에러","invocations":1,"location":null,"numPassingAsserts":1,"retryReasons":[],"status":"passed","title":"다른 사용자의 레시피 조회 시 에러"},{"ancestorTitles":["Recipe Service","updateRecipe"],"duration":0,"failureDetails":[],"failureMessages":[],"fullName":"Recipe Service updateRecipe 레시피 수정 성공","invocations":1,"location":null,"numPassingAsserts":1,"retryReasons":[],"status":"passed","title":"레시피 수정 성공"},{"ancestorTitles":["Recipe Service","updateRecipe"],"duration":0,"failureDetails":[],"failureMessages":[],"fullName":"Recipe Service updateRecipe 다른 사용자의 레시피 수정 시 에러","invocations":1,"location":null,"numPassingAsserts":1,"retryReasons":[],"status":"passed","title":"다른 사용자의 레시피 수정 시 에러"},{"ancestorTitles":["Recipe Service","deleteRecipe"],"duration":0,"failureDetails":[],"failureMessages":[],"fullName":"Recipe Service deleteRecipe 레시피 삭제 성공","invocations":1,"location":null,"numPassingAsserts":1,"retryReasons":[],"status":"passed","title":"레시피 삭제 성공"},{"ancestorTitles":["Recipe Service","deleteRecipe"],"duration":1,"failureDetails":[],"failureMessages":[],"fullName":"Recipe Service deleteRecipe 다른 사용자의 레시피 삭제 시 에러","invocations":1,"location":null,"numPassingAsserts":1,"retryReasons":[],"status":"passed","title":"다른 사용자의 레시피 삭제 시 에러"},{"ancestorTitles":["Recipe Service","createOrderFromRecipe"],"duration":2,"failureDetails":[],"failureMessages":[],"fullName":"Recipe Service createOrderFromRecipe 레시피로 주문 생성 성공","invocations":1,"location":null,"numPassingAsserts":3,"retryReasons":[],"status":"passed","title":"레시피로 주문 생성 성공"},{"ancestorTitles":["Recipe Service","createOrderFromRecipe"],"duration":0,"failureDetails":[],"failureMessages":[],"fullName":"Recipe Service createOrderFromRecipe 존재하지 않는 레시피로 주문 생성 시 에러","invocations":1,"location":null,"numPassingAsserts":1,"retryReasons":[],"status":"passed","title":"존재하지 않는 레시피로 주문 생성 시 에러"}],"endTime":1765929744853,"message":"","name":"C:\\DEV\\cursor_pro\\OrderBean\\backend\\__tests__\\unit\\services\\recipeService.test.js","startTime":1765929744797,"status":"passed","summary":""},{"assertionResults":[{"ancestorTitles":["Menu Service","getMenus"],"duration":0,"failureDetails":[],"failureMessages":[],"fullName":"Menu Service getMenus 모든 메뉴 조회","invocations":1,"location":null,"numPassingAsserts":3,"retryReasons":[],"status":"passed","title":"모든 메뉴 조회"},{"ancestorTitles":["Menu Service","getMenus"],"duration":1,"failureDetails":[],"failureMessages":[],"fullName":"Menu Service getMenus 카테고리별 필터링","invocations":1,"location":null,"numPassingAsserts":2,"retryReasons":[],"status":"passed","title":"카테고리별 필터링"},{"ancestorTitles":["Menu Service","getMenus"],"duration":0,"failureDetails":[],"failureMessages":[],"fullName":"Menu Service getMenus 검색 키워드로 필터링","invocations":1,"location":null,"numPassingAsserts":1,"retryReasons":[],"status":"passed","title":"검색 키워드로 필터링"},{"ancestorTitles":["Menu Service","getMenus"],"duration":0,"failureDetails":[],"failureMessages":[],"fullName":"Menu Service getMenus 판매 가능한 메뉴만 조회","invocations":1,"location":null,"numPassingAsserts":2,"retryReasons":[],"status":"passed","title":"판매 가능한 메뉴만 조회"},{"ancestorTitles":["Menu Service","getMenuById"],"duration":1,"failureDetails":[],"failureMessages":[],"fullName":"Menu Service getMenuById 메뉴 상세 조회 성공","invocations":1,"location":null,"numPassingAsserts":4,"retryReasons":[],"status":"passed","title":"메뉴 상세 조회 성공"},{"ancestorTitles":["Menu Service","getMenuById"],"duration":5,"failureDetails":[],"failureMessages":[],"fullName":"Menu Service getMenuById 존재하지 않는 메뉴 조회 시 에러","invocations":1,"location":null,"numPassingAsserts":1,"retryReasons":[],"status":"passed","title":"존재하지 않는 메뉴 조회 시 에러"},{"ancestorTitles":["Menu Service","createMenu"],"duration":1,"failureDetails":[],"failureMessages":[],"fullName":"Menu Service createMenu 메뉴 생성 성공","invocations":1,"location":null,"numPassingAsserts":3,"retryReasons":[],"status":"passed","title":"메뉴 생성 성공"},{"ancestorTitles":["Menu Service","createMenu"],"duration":0,"failureDetails":[],"failureMessages":[],"fullName":"Menu Service createMenu 필수 필드 누락 시 에러","invocations":1,"location":null,"numPassingAsserts":1,"retryReasons":[],"status":"passed","title":"필수 필드 누락 시 에러"},{"ancestorTitles":["Menu Service","createMenu"],"duration":0,"failureDetails":[],"failureMessages":[],"fullName":"Menu Service createMenu 음수 가격 입력 시 에러","invocations":1,"location":null,"numPassingAsserts":1,"retryReasons":[],"status":"passed","title":"음수 가격 입력 시 에러"},{"ancestorTitles":["Menu Service","updateMenu"],"duration":1,"failureDetails":[],"failureMessages":[],"fullName":"Menu Service updateMenu 메뉴 정보 수정 성공","invocations":1,"location":null,"numPassingAsserts":1,"retryReasons":[],"status":"passed","title":"메뉴 정보 수정 성공"},{"ancestorTitles":["Menu Service","updateMenu"],"duration":0,"failureDetails":[],"failureMessages":[],"fullName":"Menu Service updateMenu 존재하지 않는 메뉴 수정 시 에러","invocations":1,"location":null,"numPassingAsserts":1,"retryReasons":[],"status":"passed","title":"존재하지 않는 메뉴 수정 시 에러"},{"ancestorTitles":["Menu Service","deleteMenu"],"duration":0,"failureDetails":[],"failureMessages":[],"fullName":"Menu Service deleteMenu 메뉴 삭제 성공","invocations":1,"location":null,"numPassingAsserts":1,"retryReasons":[],"status":"passed","title":"메뉴 삭제 성공"},{"ancestorTitles":["Menu Service","deleteMenu"],"duration":1,"failureDetails":[],"failureMessages":[],"fullName":"Menu Service deleteMenu 존재하지 않는 메뉴 삭제 시 에러","invocations":1,"location":null,"numPassingAsserts":1,"retryReasons":[],"status":"passed","title":"존재하지 않는 메뉴 삭제 시 에러"}],"endTime":1765929744910,"message":"","name":"C:\\DEV\\cursor_pro\\OrderBean\\backend\\__tests__\\unit\\services\\menuService.test.js","startTime":1765929744860,"status":"passed","summary":""},{"assertionResults":[{"ancestorTitles":["Order Utils","calculateTotalPrice"],"duration":0,"failureDetails":[],"failureMessages":[],"fullName":"Order Utils calculateTotalPrice 정상적인 주문 항목의 총액 계산","invocations":1,"location":null,"numPassingAsserts":1,"retryReasons":[],"status":"passed","title":"정상적인 주문 항목의 총액 계산"},{"ancestorTitles":["Order Utils","calculateTotalPrice"],"duration":1,"failureDetails":[],"failureMessages":[],"fullName":"Order Utils calculateTotalPrice 빈 배열일 때 0 반환","invocations":1,"location":null,"numPassingAsserts":1,"retryReasons":[],"status":"passed","title":"빈 배열일 때 0 반환"},{"ancestorTitles":["Order Utils","calculateTotalPrice"],"duration":0,"failureDetails":[],"failureMessages":[],"fullName":"Order Utils calculateTotalPrice 수량이 0인 항목 처리","invocations":1,"location":null,"numPassingAsserts":1,"retryReasons":[],"status":"passed","title":"수량이 0인 항목 처리"},{"ancestorTitles":["Order Utils","calculateTotalPrice"],"duration":5,"failureDetails":[],"failureMessages":[],"fullName":"Order Utils calculateTotalPrice 음수 가격 처리 (에러 발생)","invocations":1,"location":null,"numPassingAsserts":1,"retryReasons":[],"status":"passed","title":"음수 가격 처리 (에러 발생)"},{"ancestorTitles":["Order Utils","calculateTotalPrice"],"duration":0,"failureDetails":[],"failureMessages":[],"fullName":"Order Utils calculateTotalPrice 큰 수량 처리","invocations":1,"location":null,"numPassingAsserts":1,"retryReasons":[],"status":"passed","title":"큰 수량 처리"},{"ancestorTitles":["Order Utils","validateOrderItems"],"duration":0,"failureDetails":[],"failureMessages":[],"fullName":"Order Utils validateOrderItems 유효한 주문 항목 검증","invocations":1,"location":null,"numPassingAsserts":1,"retryReasons":[],"status":"passed","title":"유효한 주문 항목 검증"},{"ancestorTitles":["Order Utils","validateOrderItems"],"duration":0,"failureDetails":[],"failureMessages":[],"fullName":"Order Utils validateOrderItems 수량이 0인 항목 검증 실패","invocations":1,"location":null,"numPassingAsserts":1,"retryReasons":[],"status":"passed","title":"수량이 0인 항목 검증 실패"},{"ancestorTitles":["Order Utils","validateOrderItems"],"duration":0,"failureDetails":[],"failureMessages":[],"fullName":"Order Utils validateOrderItems 메뉴 ID가 없는 항목 검증 실패","invocations":1,"location":null,"numPassingAsserts":1,"retryReasons":[],"status":"passed","title":"메뉴 ID가 없는 항목 검증 실패"},{"ancestorTitles":["Order Utils","validateOrderItems"],"duration":0,"failureDetails":[],"failureMessages":[],"fullName":"Order Utils validateOrderItems 빈 배열 검증 실패","invocations":1,"location":null,"numPassingAsserts":1,"retryReasons":[],"status":"passed","title":"빈 배열 검증 실패"},{"ancestorTitles":["Order Utils","formatOrderStatus"],"duration":1,"failureDetails":[],"failureMessages":[],"fullName":"Order Utils formatOrderStatus 주문 상태 포맷팅","invocations":1,"location":null,"numPassingAsserts":5,"retryReasons":[],"status":"passed","title":"주문 상태 포맷팅"},{"ancestorTitles":["Order Utils","formatOrderStatus"],"duration":0,"failureDetails":[],"failureMessages":[],"fullName":"Order Utils formatOrderStatus 잘못된 상태 값 처리","invocations":1,"location":null,"numPassingAsserts":1,"retryReasons":[],"status":"passed","title":"잘못된 상태 값 처리"},{"ancestorTitles":["Order Utils","calculateCustomizationPrice"],"duration":0,"failureDetails":[],"failureMessages":[],"fullName":"Order Utils calculateCustomizationPrice 커스터마이징 가격 계산","invocations":1,"location":null,"numPassingAsserts":1,"retryReasons":[],"status":"passed","title":"커스터마이징 가격 계산"},{"ancestorTitles":["Order Utils","calculateCustomizationPrice"],"duration":1,"failureDetails":[],"failureMessages":[],"fullName":"Order Utils calculateCustomizationPrice 커스터마이징 없는 경우 0 반환","invocations":1,"location":null,"numPassingAsserts":1,"retryReasons":[],"status":"passed","title":"커스터마이징 없는 경우 0 반환"},{"ancestorTitles":["Order Utils","calculateCustomizationPrice"],"duration":0,"failureDetails":[],"failureMessages":[],"fullName":"Order Utils calculateCustomizationPrice 최대 샷 수 제한","invocations":1,"location":null,"numPassingAsserts":1,"retryReasons":[],"status":"passed","title":"최대 샷 수 제한"}],"endTime":1765929744960,"message":"","name":"C:\\DEV\\cursor_pro\\OrderBean\\backend\\__tests__\\unit\\utils\\orderUtils.test.js","startTime":1765929744913,"status":"passed","summary":""}],"wasInterrupted":false,"coverageMap":{"C:\\DEV\\cursor_pro\\OrderBean\\backend\\src\\services\\orderService.js":{"path":"C:\\DEV\\cursor_pro\\OrderBean\\backend\\src\\services\\orderService.js","statementMap":{"0":{"start":{"line":6,"column":20},"end":{"line":6,"column":44}},"1":{"start":{"line":7,"column":23},"end":{"line":7,"column":50}},"2":{"start":{"line":8,"column":71},"end":{"line":8,"column":101}},"3":{"start":{"line":11,"column":19},"end":{"line":11,"column":21}},"4":{"start":{"line":12,"column":21},"end":{"line":12,"column":22}},"5":{"start":{"line":21,"column":60},"end":{"line":21,"column":69}},"6":{"start":{"line":24,"column":2},"end":{"line":24,"column":28}},"7":{"start":{"line":27,"column":19},"end":{"line":27,"column":20}},"8":{"start":{"line":28,"column":21},"end":{"line":28,"column":23}},"9":{"start":{"line":30,"column":2},"end":{"line":49,"column":3}},"10":{"start":{"line":31,"column":17},"end":{"line":31,"column":60}},"11":{"start":{"line":34,"column":4},"end":{"line":36,"column":5}},"12":{"start":{"line":35,"column":6},"end":{"line":35,"column":38}},"13":{"start":{"line":39,"column":22},"end":{"line":39,"column":48}},"14":{"start":{"line":40,"column":4},"end":{"line":40,"column":28}},"15":{"start":{"line":42,"column":4},"end":{"line":48,"column":7}},"16":{"start":{"line":52,"column":2},"end":{"line":62,"column":3}},"17":{"start":{"line":53,"column":26},"end":{"line":57,"column":6}},"18":{"start":{"line":59,"column":4},"end":{"line":61,"column":5}},"19":{"start":{"line":60,"column":6},"end":{"line":60,"column":39}},"20":{"start":{"line":65,"column":16},"end":{"line":76,"column":3}},"21":{"start":{"line":78,"column":2},"end":{"line":78,"column":25}},"22":{"start":{"line":79,"column":2},"end":{"line":79,"column":15}},"23":{"start":{"line":90,"column":2},"end":{"line":90,"column":31}},"24":{"start":{"line":92,"column":16},"end":{"line":92,"column":64}},"25":{"start":{"line":92,"column":37},"end":{"line":92,"column":63}},"26":{"start":{"line":94,"column":2},"end":{"line":96,"column":3}},"27":{"start":{"line":95,"column":4},"end":{"line":95,"column":37}},"28":{"start":{"line":98,"column":2},"end":{"line":98,"column":27}},"29":{"start":{"line":99,"column":2},"end":{"line":99,"column":46}},"30":{"start":{"line":101,"column":2},"end":{"line":101,"column":15}},"31":{"start":{"line":111,"column":43},"end":{"line":111,"column":50}},"32":{"start":{"line":113,"column":19},"end":{"line":113,"column":63}},"33":{"start":{"line":113,"column":42},"end":{"line":113,"column":62}},"34":{"start":{"line":116,"column":2},"end":{"line":118,"column":3}},"35":{"start":{"line":117,"column":4},"end":{"line":117,"column":61}},"36":{"start":{"line":117,"column":40},"end":{"line":117,"column":59}},"37":{"start":{"line":121,"column":21},"end":{"line":121,"column":39}},"38":{"start":{"line":122,"column":19},"end":{"line":122,"column":37}},"39":{"start":{"line":123,"column":26},"end":{"line":123,"column":64}},"40":{"start":{"line":125,"column":2},"end":{"line":133,"column":4}},"41":{"start":{"line":143,"column":16},"end":{"line":143,"column":64}},"42":{"start":{"line":143,"column":37},"end":{"line":143,"column":63}},"43":{"start":{"line":145,"column":2},"end":{"line":147,"column":3}},"44":{"start":{"line":146,"column":4},"end":{"line":146,"column":37}},"45":{"start":{"line":150,"column":2},"end":{"line":152,"column":3}},"46":{"start":{"line":151,"column":4},"end":{"line":151,"column":40}},"47":{"start":{"line":154,"column":2},"end":{"line":154,"column":15}},"48":{"start":{"line":164,"column":16},"end":{"line":164,"column":51}},"49":{"start":{"line":167,"column":2},"end":{"line":169,"column":3}},"50":{"start":{"line":168,"column":4},"end":{"line":168,"column":46}},"51":{"start":{"line":172,"column":2},"end":{"line":174,"column":3}},"52":{"start":{"line":173,"column":4},"end":{"line":173,"column":80}},"53":{"start":{"line":177,"column":2},"end":{"line":177,"column":48}},"54":{"start":{"line":180,"column":0},"end":{"line":186,"column":2}}},"fnMap":{"0":{"name":"createOrder","decl":{"start":{"line":20,"column":15},"end":{"line":20,"column":26}},"loc":{"start":{"line":20,"column":46},"end":{"line":80,"column":1}},"line":20},"1":{"name":"updateOrderStatus","decl":{"start":{"line":88,"column":15},"end":{"line":88,"column":32}},"loc":{"start":{"line":88,"column":53},"end":{"line":102,"column":1}},"line":88},"2":{"name":"(anonymous_2)","decl":{"start":{"line":92,"column":32},"end":{"line":92,"column":33}},"loc":{"start":{"line":92,"column":37},"end":{"line":92,"column":63}},"line":92},"3":{"name":"getUserOrders","decl":{"start":{"line":110,"column":15},"end":{"line":110,"column":28}},"loc":{"start":{"line":110,"column":51},"end":{"line":134,"column":1}},"line":110},"4":{"name":"(anonymous_4)","decl":{"start":{"line":113,"column":37},"end":{"line":113,"column":38}},"loc":{"start":{"line":113,"column":42},"end":{"line":113,"column":62}},"line":113},"5":{"name":"(anonymous_5)","decl":{"start":{"line":117,"column":35},"end":{"line":117,"column":36}},"loc":{"start":{"line":117,"column":40},"end":{"line":117,"column":59}},"line":117},"6":{"name":"getOrderById","decl":{"start":{"line":142,"column":15},"end":{"line":142,"column":27}},"loc":{"start":{"line":142,"column":45},"end":{"line":155,"column":1}},"line":142},"7":{"name":"(anonymous_7)","decl":{"start":{"line":143,"column":32},"end":{"line":143,"column":33}},"loc":{"start":{"line":143,"column":37},"end":{"line":143,"column":63}},"line":143},"8":{"name":"cancelOrder","decl":{"start":{"line":163,"column":15},"end":{"line":163,"column":26}},"loc":{"start":{"line":163,"column":44},"end":{"line":178,"column":1}},"line":163}},"branchMap":{"0":{"loc":{"start":{"line":34,"column":4},"end":{"line":36,"column":5}},"type":"if","locations":[{"start":{"line":34,"column":4},"end":{"line":36,"column":5}},{"start":{},"end":{}}],"line":34},"1":{"loc":{"start":{"line":46,"column":22},"end":{"line":46,"column":47}},"type":"binary-expr","locations":[{"start":{"line":46,"column":22},"end":{"line":46,"column":41}},{"start":{"line":46,"column":45},"end":{"line":46,"column":47}}],"line":46},"2":{"loc":{"start":{"line":52,"column":2},"end":{"line":62,"column":3}},"type":"if","locations":[{"start":{"line":52,"column":2},"end":{"line":62,"column":3}},{"start":{},"end":{}}],"line":52},"3":{"loc":{"start":{"line":59,"column":4},"end":{"line":61,"column":5}},"type":"if","locations":[{"start":{"line":59,"column":4},"end":{"line":61,"column":5}},{"start":{},"end":{}}],"line":59},"4":{"loc":{"start":{"line":73,"column":20},"end":{"line":73,"column":60}},"type":"cond-expr","locations":[{"start":{"line":73,"column":37},"end":{"line":73,"column":48}},{"start":{"line":73,"column":51},"end":{"line":73,"column":60}}],"line":73},"5":{"loc":{"start":{"line":94,"column":2},"end":{"line":96,"column":3}},"type":"if","locations":[{"start":{"line":94,"column":2},"end":{"line":96,"column":3}},{"start":{},"end":{}}],"line":94},"6":{"loc":{"start":{"line":110,"column":37},"end":{"line":110,"column":49}},"type":"default-arg","locations":[{"start":{"line":110,"column":47},"end":{"line":110,"column":49}}],"line":110},"7":{"loc":{"start":{"line":111,"column":18},"end":{"line":111,"column":26}},"type":"default-arg","locations":[{"start":{"line":111,"column":25},"end":{"line":111,"column":26}}],"line":111},"8":{"loc":{"start":{"line":111,"column":28},"end":{"line":111,"column":38}},"type":"default-arg","locations":[{"start":{"line":111,"column":36},"end":{"line":111,"column":38}}],"line":111},"9":{"loc":{"start":{"line":116,"column":2},"end":{"line":118,"column":3}},"type":"if","locations":[{"start":{"line":116,"column":2},"end":{"line":118,"column":3}},{"start":{},"end":{}}],"line":116},"10":{"loc":{"start":{"line":145,"column":2},"end":{"line":147,"column":3}},"type":"if","locations":[{"start":{"line":145,"column":2},"end":{"line":147,"column":3}},{"start":{},"end":{}}],"line":145},"11":{"loc":{"start":{"line":150,"column":2},"end":{"line":152,"column":3}},"type":"if","locations":[{"start":{"line":150,"column":2},"end":{"line":152,"column":3}},{"start":{},"end":{}}],"line":150},"12":{"loc":{"start":{"line":167,"column":2},"end":{"line":169,"column":3}},"type":"if","locations":[{"start":{"line":167,"column":2},"end":{"line":169,"column":3}},{"start":{},"end":{}}],"line":167},"13":{"loc":{"start":{"line":167,"column":6},"end":{"line":167,"column":57}},"type":"binary-expr","locations":[{"start":{"line":167,"column":6},"end":{"line":167,"column":29}},{"start":{"line":167,"column":33},"end":{"line":167,"column":57}}],"line":167},"14":{"loc":{"start":{"line":172,"column":2},"end":{"line":174,"column":3}},"type":"if","locations":[{"start":{"line":172,"column":2},"end":{"line":174,"column":3}},{"start":{},"end":{}}],"line":172}},"s":{"0":2,"1":2,"2":2,"3":2,"4":2,"5":5,"6":5,"7":5,"8":5,"9":5,"10":5,"11":5,"12":1,"13":4,"14":4,"15":4,"16":4,"17":4,"18":4,"19":1,"20":3,"21":3,"22":3,"23":5,"24":4,"25":5,"26":4,"27":1,"28":3,"29":3,"30":3,"31":2,"32":2,"33":2,"34":2,"35":1,"36":1,"37":2,"38":2,"39":2,"40":2,"41":2,"42":3,"43":2,"44":0,"45":2,"46":0,"47":2,"48":2,"49":2,"50":1,"51":1,"52":1,"53":1,"54":2},"f":{"0":5,"1":5,"2":5,"3":2,"4":2,"5":1,"6":2,"7":3,"8":2},"b":{"0":[1,4],"1":[4,2],"2":[4,0],"3":[1,3],"4":[3,0],"5":[1,3],"6":[0],"7":[0],"8":[0],"9":[1,1],"10":[0,2],"11":[0,2],"12":[1,1],"13":[2,1],"14":[1,0]},"_coverageSchema":"1a1c01bbd47fc00a2c39e90264f33305004495a9","hash":"5594dec0bacb9b8fd4b847e7cb57a3907df3d47c"},"C:\\DEV\\cursor_pro\\OrderBean\\backend\\src\\services\\menuService.js":{"path":"C:\\DEV\\cursor_pro\\OrderBean\\backend\\src\\services\\menuService.js","statementMap":{"0":{"start":{"line":10,"column":18},"end":{"line":34,"column":1}},"1":{"start":{"line":42,"column":53},"end":{"line":42,"column":60}},"2":{"start":{"line":44,"column":22},"end":{"line":44,"column":36}},"3":{"start":{"line":47,"column":2},"end":{"line":49,"column":3}},"4":{"start":{"line":48,"column":4},"end":{"line":48,"column":77}},"5":{"start":{"line":48,"column":49},"end":{"line":48,"column":75}},"6":{"start":{"line":52,"column":2},"end":{"line":58,"column":3}},"7":{"start":{"line":53,"column":24},"end":{"line":53,"column":44}},"8":{"start":{"line":54,"column":4},"end":{"line":57,"column":6}},"9":{"start":{"line":55,"column":6},"end":{"line":56,"column":80}},"10":{"start":{"line":61,"column":2},"end":{"line":61,"column":66}},"11":{"start":{"line":61,"column":47},"end":{"line":61,"column":64}},"12":{"start":{"line":64,"column":21},"end":{"line":64,"column":39}},"13":{"start":{"line":65,"column":19},"end":{"line":65,"column":37}},"14":{"start":{"line":66,"column":25},"end":{"line":66,"column":66}},"15":{"start":{"line":68,"column":2},"end":{"line":76,"column":4}},"16":{"start":{"line":86,"column":15},"end":{"line":86,"column":61}},"17":{"start":{"line":86,"column":35},"end":{"line":86,"column":60}},"18":{"start":{"line":88,"column":2},"end":{"line":90,"column":3}},"19":{"start":{"line":89,"column":4},"end":{"line":89,"column":37}},"20":{"start":{"line":92,"column":2},"end":{"line":92,"column":14}},"21":{"start":{"line":102,"column":2},"end":{"line":104,"column":3}},"22":{"start":{"line":103,"column":4},"end":{"line":103,"column":38}},"23":{"start":{"line":107,"column":2},"end":{"line":109,"column":3}},"24":{"start":{"line":108,"column":4},"end":{"line":108,"column":38}},"25":{"start":{"line":111,"column":18},"end":{"line":121,"column":3}},"26":{"start":{"line":123,"column":2},"end":{"line":123,"column":26}},"27":{"start":{"line":124,"column":2},"end":{"line":124,"column":17}},"28":{"start":{"line":134,"column":20},"end":{"line":134,"column":71}},"29":{"start":{"line":134,"column":45},"end":{"line":134,"column":70}},"30":{"start":{"line":136,"column":2},"end":{"line":138,"column":3}},"31":{"start":{"line":137,"column":4},"end":{"line":137,"column":37}},"32":{"start":{"line":140,"column":2},"end":{"line":144,"column":4}},"33":{"start":{"line":146,"column":2},"end":{"line":146,"column":30}},"34":{"start":{"line":155,"column":20},"end":{"line":155,"column":71}},"35":{"start":{"line":155,"column":45},"end":{"line":155,"column":70}},"36":{"start":{"line":157,"column":2},"end":{"line":159,"column":3}},"37":{"start":{"line":158,"column":4},"end":{"line":158,"column":37}},"38":{"start":{"line":161,"column":2},"end":{"line":161,"column":33}},"39":{"start":{"line":164,"column":0},"end":{"line":170,"column":2}}},"fnMap":{"0":{"name":"getMenus","decl":{"start":{"line":41,"column":15},"end":{"line":41,"column":23}},"loc":{"start":{"line":41,"column":38},"end":{"line":77,"column":1}},"line":41},"1":{"name":"(anonymous_1)","decl":{"start":{"line":48,"column":41},"end":{"line":48,"column":42}},"loc":{"start":{"line":48,"column":49},"end":{"line":48,"column":75}},"line":48},"2":{"name":"(anonymous_2)","decl":{"start":{"line":54,"column":41},"end":{"line":54,"column":42}},"loc":{"start":{"line":55,"column":6},"end":{"line":56,"column":80}},"line":55},"3":{"name":"(anonymous_3)","decl":{"start":{"line":61,"column":39},"end":{"line":61,"column":40}},"loc":{"start":{"line":61,"column":47},"end":{"line":61,"column":64}},"line":61},"4":{"name":"getMenuById","decl":{"start":{"line":85,"column":15},"end":{"line":85,"column":26}},"loc":{"start":{"line":85,"column":35},"end":{"line":93,"column":1}},"line":85},"5":{"name":"(anonymous_5)","decl":{"start":{"line":86,"column":30},"end":{"line":86,"column":31}},"loc":{"start":{"line":86,"column":35},"end":{"line":86,"column":60}},"line":86},"6":{"name":"createMenu","decl":{"start":{"line":100,"column":15},"end":{"line":100,"column":25}},"loc":{"start":{"line":100,"column":36},"end":{"line":125,"column":1}},"line":100},"7":{"name":"updateMenu","decl":{"start":{"line":133,"column":15},"end":{"line":133,"column":25}},"loc":{"start":{"line":133,"column":46},"end":{"line":147,"column":1}},"line":133},"8":{"name":"(anonymous_8)","decl":{"start":{"line":134,"column":40},"end":{"line":134,"column":41}},"loc":{"start":{"line":134,"column":45},"end":{"line":134,"column":70}},"line":134},"9":{"name":"deleteMenu","decl":{"start":{"line":154,"column":15},"end":{"line":154,"column":25}},"loc":{"start":{"line":154,"column":34},"end":{"line":162,"column":1}},"line":154},"10":{"name":"(anonymous_10)","decl":{"start":{"line":155,"column":40},"end":{"line":155,"column":41}},"loc":{"start":{"line":155,"column":45},"end":{"line":155,"column":70}},"line":155}},"branchMap":{"0":{"loc":{"start":{"line":41,"column":24},"end":{"line":41,"column":36}},"type":"default-arg","locations":[{"start":{"line":41,"column":34},"end":{"line":41,"column":36}}],"line":41},"1":{"loc":{"start":{"line":42,"column":28},"end":{"line":42,"column":36}},"type":"default-arg","locations":[{"start":{"line":42,"column":35},"end":{"line":42,"column":36}}],"line":42},"2":{"loc":{"start":{"line":42,"column":38},"end":{"line":42,"column":48}},"type":"default-arg","locations":[{"start":{"line":42,"column":46},"end":{"line":42,"column":48}}],"line":42},"3":{"loc":{"start":{"line":47,"column":2},"end":{"line":49,"column":3}},"type":"if","locations":[{"start":{"line":47,"column":2},"end":{"line":49,"column":3}},{"start":{},"end":{}}],"line":47},"4":{"loc":{"start":{"line":52,"column":2},"end":{"line":58,"column":3}},"type":"if","locations":[{"start":{"line":52,"column":2},"end":{"line":58,"column":3}},{"start":{},"end":{}}],"line":52},"5":{"loc":{"start":{"line":55,"column":6},"end":{"line":56,"column":80}},"type":"binary-expr","locations":[{"start":{"line":55,"column":6},"end":{"line":55,"column":51}},{"start":{"line":56,"column":7},"end":{"line":56,"column":23}},{"start":{"line":56,"column":27},"end":{"line":56,"column":79}}],"line":55},"6":{"loc":{"start":{"line":88,"column":2},"end":{"line":90,"column":3}},"type":"if","locations":[{"start":{"line":88,"column":2},"end":{"line":90,"column":3}},{"start":{},"end":{}}],"line":88},"7":{"loc":{"start":{"line":102,"column":2},"end":{"line":104,"column":3}},"type":"if","locations":[{"start":{"line":102,"column":2},"end":{"line":104,"column":3}},{"start":{},"end":{}}],"line":102},"8":{"loc":{"start":{"line":102,"column":6},"end":{"line":102,"column":61}},"type":"binary-expr","locations":[{"start":{"line":102,"column":6},"end":{"line":102,"column":20}},{"start":{"line":102,"column":24},"end":{"line":102,"column":39}},{"start":{"line":102,"column":43},"end":{"line":102,"column":61}}],"line":102},"9":{"loc":{"start":{"line":107,"column":2},"end":{"line":109,"column":3}},"type":"if","locations":[{"start":{"line":107,"column":2},"end":{"line":109,"column":3}},{"start":{},"end":{}}],"line":107},"10":{"loc":{"start":{"line":114,"column":17},"end":{"line":114,"column":43}},"type":"binary-expr","locations":[{"start":{"line":114,"column":17},"end":{"line":114,"column":37}},{"start":{"line":114,"column":41},"end":{"line":114,"column":43}}],"line":114},"11":{"loc":{"start":{"line":117,"column":15},"end":{"line":117,"column":39}},"type":"binary-expr","locations":[{"start":{"line":117,"column":15},"end":{"line":117,"column":33}},{"start":{"line":117,"column":37},"end":{"line":117,"column":39}}],"line":117},"12":{"loc":{"start":{"line":118,"column":18},"end":{"line":118,"column":84}},"type":"cond-expr","locations":[{"start":{"line":118,"column":56},"end":{"line":118,"column":77}},{"start":{"line":118,"column":80},"end":{"line":118,"column":84}}],"line":118},"13":{"loc":{"start":{"line":136,"column":2},"end":{"line":138,"column":3}},"type":"if","locations":[{"start":{"line":136,"column":2},"end":{"line":138,"column":3}},{"start":{},"end":{}}],"line":136},"14":{"loc":{"start":{"line":157,"column":2},"end":{"line":159,"column":3}},"type":"if","locations":[{"start":{"line":157,"column":2},"end":{"line":159,"column":3}},{"start":{},"end":{}}],"line":157}},"s":{"0":3,"1":4,"2":4,"3":4,"4":1,"5":2,"6":4,"7":1,"8":1,"9":2,"10":4,"11":7,"12":4,"13":4,"14":4,"15":4,"16":3,"17":4,"18":3,"19":1,"20":2,"21":3,"22":1,"23":2,"24":1,"25":1,"26":1,"27":1,"28":2,"29":4,"30":2,"31":1,"32":1,"33":1,"34":2,"35":3,"36":2,"37":1,"38":1,"39":3},"f":{"0":4,"1":2,"2":2,"3":7,"4":3,"5":4,"6":3,"7":2,"8":4,"9":2,"10":3},"b":{"0":[0],"1":[0],"2":[0],"3":[1,3],"4":[1,3],"5":[2,1,1],"6":[1,2],"7":[1,2],"8":[3,3,2],"9":[1,1],"10":[1,0],"11":[1,1],"12":[1,0],"13":[1,1],"14":[1,1]},"_coverageSchema":"1a1c01bbd47fc00a2c39e90264f33305004495a9","hash":"0fa0129db30f298034154226c1d12d7c02275de6"},"C:\\DEV\\cursor_pro\\OrderBean\\backend\\src\\services\\paymentService.js":{"path":"C:\\DEV\\cursor_pro\\OrderBean\\backend\\src\\services\\paymentService.js","statementMap":{"0":{"start":{"line":16,"column":2},"end":{"line":21,"column":4}},"1":{"start":{"line":32,"column":2},"end":{"line":36,"column":4}},"2":{"start":{"line":39,"column":0},"end":{"line":42,"column":2}}},"fnMap":{"0":{"name":"processPayment","decl":{"start":{"line":11,"column":15},"end":{"line":11,"column":29}},"loc":{"start":{"line":11,"column":43},"end":{"line":22,"column":1}},"line":11},"1":{"name":"refundPayment","decl":{"start":{"line":30,"column":15},"end":{"line":30,"column":28}},"loc":{"start":{"line":30,"column":52},"end":{"line":37,"column":1}},"line":30}},"branchMap":{},"s":{"0":1,"1":0,"2":2},"f":{"0":1,"1":0},"b":{},"_coverageSchema":"1a1c01bbd47fc00a2c39e90264f33305004495a9","hash":"8edf1de66a9692ff0fc7a4e4a02697ab3fbbd87c"},"C:\\DEV\\cursor_pro\\OrderBean\\backend\\src\\utils\\orderUtils.js":{"path":"C:\\DEV\\cursor_pro\\OrderBean\\backend\\src\\utils\\orderUtils.js","statementMap":{"0":{"start":{"line":11,"column":2},"end":{"line":13,"column":3}},"1":{"start":{"line":12,"column":4},"end":{"line":12,"column":13}},"2":{"start":{"line":15,"column":2},"end":{"line":20,"column":8}},"3":{"start":{"line":16,"column":4},"end":{"line":18,"column":5}},"4":{"start":{"line":17,"column":6},"end":{"line":17,"column":41}},"5":{"start":{"line":19,"column":4},"end":{"line":19,"column":55}},"6":{"start":{"line":29,"column":2},"end":{"line":31,"column":3}},"7":{"start":{"line":30,"column":4},"end":{"line":30,"column":35}},"8":{"start":{"line":33,"column":2},"end":{"line":41,"column":5}},"9":{"start":{"line":34,"column":4},"end":{"line":36,"column":5}},"10":{"start":{"line":35,"column":6},"end":{"line":35,"column":38}},"11":{"start":{"line":38,"column":4},"end":{"line":40,"column":5}},"12":{"start":{"line":39,"column":6},"end":{"line":39,"column":41}},"13":{"start":{"line":50,"column":24},"end":{"line":50,"column":62}},"14":{"start":{"line":52,"column":2},"end":{"line":54,"column":3}},"15":{"start":{"line":53,"column":4},"end":{"line":53,"column":40}},"16":{"start":{"line":56,"column":2},"end":{"line":56,"column":16}},"17":{"start":{"line":65,"column":2},"end":{"line":67,"column":3}},"18":{"start":{"line":66,"column":4},"end":{"line":66,"column":13}},"19":{"start":{"line":69,"column":24},"end":{"line":69,"column":25}},"20":{"start":{"line":72,"column":2},"end":{"line":79,"column":3}},"21":{"start":{"line":73,"column":4},"end":{"line":75,"column":5}},"22":{"start":{"line":74,"column":6},"end":{"line":74,"column":47}},"23":{"start":{"line":77,"column":28},"end":{"line":77,"column":65}},"24":{"start":{"line":78,"column":4},"end":{"line":78,"column":45}},"25":{"start":{"line":82,"column":2},"end":{"line":85,"column":3}},"26":{"start":{"line":83,"column":18},"end":{"line":83,"column":49}},"27":{"start":{"line":84,"column":4},"end":{"line":84,"column":35}},"28":{"start":{"line":87,"column":2},"end":{"line":87,"column":25}},"29":{"start":{"line":90,"column":0},"end":{"line":95,"column":2}}},"fnMap":{"0":{"name":"calculateTotalPrice","decl":{"start":{"line":10,"column":9},"end":{"line":10,"column":28}},"loc":{"start":{"line":10,"column":36},"end":{"line":21,"column":1}},"line":10},"1":{"name":"(anonymous_1)","decl":{"start":{"line":15,"column":22},"end":{"line":15,"column":23}},"loc":{"start":{"line":15,"column":39},"end":{"line":20,"column":3}},"line":15},"2":{"name":"validateOrderItems","decl":{"start":{"line":28,"column":9},"end":{"line":28,"column":27}},"loc":{"start":{"line":28,"column":35},"end":{"line":42,"column":1}},"line":28},"3":{"name":"(anonymous_3)","decl":{"start":{"line":33,"column":16},"end":{"line":33,"column":17}},"loc":{"start":{"line":33,"column":33},"end":{"line":41,"column":3}},"line":33},"4":{"name":"formatOrderStatus","decl":{"start":{"line":49,"column":9},"end":{"line":49,"column":26}},"loc":{"start":{"line":49,"column":35},"end":{"line":57,"column":1}},"line":49},"5":{"name":"calculateCustomizationPrice","decl":{"start":{"line":64,"column":9},"end":{"line":64,"column":36}},"loc":{"start":{"line":64,"column":53},"end":{"line":88,"column":1}},"line":64}},"branchMap":{"0":{"loc":{"start":{"line":11,"column":2},"end":{"line":13,"column":3}},"type":"if","locations":[{"start":{"line":11,"column":2},"end":{"line":13,"column":3}},{"start":{},"end":{}}],"line":11},"1":{"loc":{"start":{"line":11,"column":6},"end":{"line":11,"column":49}},"type":"binary-expr","locations":[{"start":{"line":11,"column":6},"end":{"line":11,"column":27}},{"start":{"line":11,"column":31},"end":{"line":11,"column":49}}],"line":11},"2":{"loc":{"start":{"line":16,"column":4},"end":{"line":18,"column":5}},"type":"if","locations":[{"start":{"line":16,"column":4},"end":{"line":18,"column":5}},{"start":{},"end":{}}],"line":16},"3":{"loc":{"start":{"line":19,"column":34},"end":{"line":19,"column":52}},"type":"binary-expr","locations":[{"start":{"line":19,"column":34},"end":{"line":19,"column":47}},{"start":{"line":19,"column":51},"end":{"line":19,"column":52}}],"line":19},"4":{"loc":{"start":{"line":29,"column":2},"end":{"line":31,"column":3}},"type":"if","locations":[{"start":{"line":29,"column":2},"end":{"line":31,"column":3}},{"start":{},"end":{}}],"line":29},"5":{"loc":{"start":{"line":29,"column":6},"end":{"line":29,"column":49}},"type":"binary-expr","locations":[{"start":{"line":29,"column":6},"end":{"line":29,"column":27}},{"start":{"line":29,"column":31},"end":{"line":29,"column":49}}],"line":29},"6":{"loc":{"start":{"line":34,"column":4},"end":{"line":36,"column":5}},"type":"if","locations":[{"start":{"line":34,"column":4},"end":{"line":36,"column":5}},{"start":{},"end":{}}],"line":34},"7":{"loc":{"start":{"line":38,"column":4},"end":{"line":40,"column":5}},"type":"if","locations":[{"start":{"line":38,"column":4},"end":{"line":40,"column":5}},{"start":{},"end":{}}],"line":38},"8":{"loc":{"start":{"line":38,"column":8},"end":{"line":38,"column":44}},"type":"binary-expr","locations":[{"start":{"line":38,"column":8},"end":{"line":38,"column":22}},{"start":{"line":38,"column":26},"end":{"line":38,"column":44}}],"line":38},"9":{"loc":{"start":{"line":52,"column":2},"end":{"line":54,"column":3}},"type":"if","locations":[{"start":{"line":52,"column":2},"end":{"line":54,"column":3}},{"start":{},"end":{}}],"line":52},"10":{"loc":{"start":{"line":65,"column":2},"end":{"line":67,"column":3}},"type":"if","locations":[{"start":{"line":65,"column":2},"end":{"line":67,"column":3}},{"start":{},"end":{}}],"line":65},"11":{"loc":{"start":{"line":65,"column":6},"end":{"line":65,"column":59}},"type":"binary-expr","locations":[{"start":{"line":65,"column":6},"end":{"line":65,"column":21}},{"start":{"line":65,"column":25},"end":{"line":65,"column":59}}],"line":65},"12":{"loc":{"start":{"line":72,"column":2},"end":{"line":79,"column":3}},"type":"if","locations":[{"start":{"line":72,"column":2},"end":{"line":79,"column":3}},{"start":{},"end":{}}],"line":72},"13":{"loc":{"start":{"line":72,"column":6},"end":{"line":72,"column":70}},"type":"binary-expr","locations":[{"start":{"line":72,"column":6},"end":{"line":72,"column":26}},{"start":{"line":72,"column":30},"end":{"line":72,"column":70}}],"line":72},"14":{"loc":{"start":{"line":73,"column":4},"end":{"line":75,"column":5}},"type":"if","locations":[{"start":{"line":73,"column":4},"end":{"line":75,"column":5}},{"start":{},"end":{}}],"line":73},"15":{"loc":{"start":{"line":82,"column":2},"end":{"line":85,"column":3}},"type":"if","locations":[{"start":{"line":82,"column":2},"end":{"line":85,"column":3}},{"start":{},"end":{}}],"line":82},"16":{"loc":{"start":{"line":82,"column":6},"end":{"line":82,"column":56}},"type":"binary-expr","locations":[{"start":{"line":82,"column":6},"end":{"line":82,"column":26}},{"start":{"line":82,"column":30},"end":{"line":82,"column":56}}],"line":82},"17":{"loc":{"start":{"line":83,"column":18},"end":{"line":83,"column":49}},"type":"binary-expr","locations":[{"start":{"line":83,"column":18},"end":{"line":83,"column":44}},{"start":{"line":83,"column":48},"end":{"line":83,"column":49}}],"line":83}},"s":{"0":5,"1":1,"2":4,"3":5,"4":1,"5":4,"6":9,"7":1,"8":8,"9":8,"10":1,"11":7,"12":1,"13":11,"14":11,"15":2,"16":9,"17":3,"18":0,"19":3,"20":3,"21":2,"22":1,"23":1,"24":1,"25":2,"26":1,"27":1,"28":2,"29":3},"f":{"0":5,"1":5,"2":9,"3":8,"4":11,"5":3},"b":{"0":[1,4],"1":[5,5],"2":[1,4],"3":[4,1],"4":[1,8],"5":[9,9],"6":[1,7],"7":[1,6],"8":[7,6],"9":[2,9],"10":[0,3],"11":[3,3],"12":[2,1],"13":[3,2],"14":[1,1],"15":[1,1],"16":[2,1],"17":[1,0]},"_coverageSchema":"1a1c01bbd47fc00a2c39e90264f33305004495a9","hash":"80b1a7102fb2e5660355d1fb8333970bbe521d8a"},"C:\\DEV\\cursor_pro\\OrderBean\\backend\\src\\services\\recipeService.js":{"path":"C:\\DEV\\cursor_pro\\OrderBean\\backend\\src\\services\\recipeService.js","statementMap":{"0":{"start":{"line":7,"column":20},"end":{"line":7,"column":22}},"1":{"start":{"line":8,"column":22},"end":{"line":8,"column":23}},"2":{"start":{"line":17,"column":44},"end":{"line":17,"column":54}},"3":{"start":{"line":20,"column":2},"end":{"line":22,"column":3}},"4":{"start":{"line":21,"column":4},"end":{"line":21,"column":38}},"5":{"start":{"line":25,"column":25},"end":{"line":27,"column":3}},"6":{"start":{"line":26,"column":9},"end":{"line":26,"column":48}},"7":{"start":{"line":29,"column":2},"end":{"line":31,"column":3}},"8":{"start":{"line":30,"column":4},"end":{"line":30,"column":43}},"9":{"start":{"line":33,"column":17},"end":{"line":41,"column":3}},"10":{"start":{"line":43,"column":2},"end":{"line":43,"column":27}},"11":{"start":{"line":44,"column":2},"end":{"line":44,"column":16}},"12":{"start":{"line":53,"column":2},"end":{"line":53,"column":55}},"13":{"start":{"line":53,"column":33},"end":{"line":53,"column":53}},"14":{"start":{"line":63,"column":17},"end":{"line":63,"column":67}},"15":{"start":{"line":63,"column":39},"end":{"line":63,"column":66}},"16":{"start":{"line":65,"column":2},"end":{"line":67,"column":3}},"17":{"start":{"line":66,"column":4},"end":{"line":66,"column":38}},"18":{"start":{"line":69,"column":2},"end":{"line":69,"column":16}},"19":{"start":{"line":80,"column":17},"end":{"line":80,"column":54}},"20":{"start":{"line":82,"column":22},"end":{"line":82,"column":77}},"21":{"start":{"line":82,"column":49},"end":{"line":82,"column":76}},"22":{"start":{"line":83,"column":2},"end":{"line":87,"column":4}},"23":{"start":{"line":89,"column":2},"end":{"line":89,"column":34}},"24":{"start":{"line":99,"column":17},"end":{"line":99,"column":54}},"25":{"start":{"line":101,"column":22},"end":{"line":101,"column":77}},"26":{"start":{"line":101,"column":49},"end":{"line":101,"column":76}},"27":{"start":{"line":102,"column":2},"end":{"line":102,"column":37}},"28":{"start":{"line":113,"column":17},"end":{"line":113,"column":54}},"29":{"start":{"line":114,"column":23},"end":{"line":114,"column":48}},"30":{"start":{"line":116,"column":21},"end":{"line":120,"column":4}},"31":{"start":{"line":122,"column":2},"end":{"line":125,"column":5}},"32":{"start":{"line":128,"column":0},"end":{"line":135,"column":2}}},"fnMap":{"0":{"name":"createRecipe","decl":{"start":{"line":16,"column":15},"end":{"line":16,"column":27}},"loc":{"start":{"line":16,"column":48},"end":{"line":45,"column":1}},"line":16},"1":{"name":"(anonymous_1)","decl":{"start":{"line":26,"column":4},"end":{"line":26,"column":5}},"loc":{"start":{"line":26,"column":9},"end":{"line":26,"column":48}},"line":26},"2":{"name":"getUserRecipes","decl":{"start":{"line":52,"column":15},"end":{"line":52,"column":29}},"loc":{"start":{"line":52,"column":38},"end":{"line":54,"column":1}},"line":52},"3":{"name":"(anonymous_3)","decl":{"start":{"line":53,"column":28},"end":{"line":53,"column":29}},"loc":{"start":{"line":53,"column":33},"end":{"line":53,"column":53}},"line":53},"4":{"name":"getRecipeById","decl":{"start":{"line":62,"column":15},"end":{"line":62,"column":28}},"loc":{"start":{"line":62,"column":47},"end":{"line":70,"column":1}},"line":62},"5":{"name":"(anonymous_5)","decl":{"start":{"line":63,"column":34},"end":{"line":63,"column":35}},"loc":{"start":{"line":63,"column":39},"end":{"line":63,"column":66}},"line":63},"6":{"name":"updateRecipe","decl":{"start":{"line":79,"column":15},"end":{"line":79,"column":27}},"loc":{"start":{"line":79,"column":58},"end":{"line":90,"column":1}},"line":79},"7":{"name":"(anonymous_7)","decl":{"start":{"line":82,"column":44},"end":{"line":82,"column":45}},"loc":{"start":{"line":82,"column":49},"end":{"line":82,"column":76}},"line":82},"8":{"name":"deleteRecipe","decl":{"start":{"line":98,"column":15},"end":{"line":98,"column":27}},"loc":{"start":{"line":98,"column":46},"end":{"line":103,"column":1}},"line":98},"9":{"name":"(anonymous_9)","decl":{"start":{"line":101,"column":44},"end":{"line":101,"column":45}},"loc":{"start":{"line":101,"column":49},"end":{"line":101,"column":76}},"line":101},"10":{"name":"createOrderFromRecipe","decl":{"start":{"line":112,"column":15},"end":{"line":112,"column":36}},"loc":{"start":{"line":112,"column":66},"end":{"line":126,"column":1}},"line":112}},"branchMap":{"0":{"loc":{"start":{"line":20,"column":2},"end":{"line":22,"column":3}},"type":"if","locations":[{"start":{"line":20,"column":2},"end":{"line":22,"column":3}},{"start":{},"end":{}}],"line":20},"1":{"loc":{"start":{"line":20,"column":6},"end":{"line":20,"column":42}},"type":"binary-expr","locations":[{"start":{"line":20,"column":6},"end":{"line":20,"column":11}},{"start":{"line":20,"column":15},"end":{"line":20,"column":23}},{"start":{"line":20,"column":27},"end":{"line":20,"column":42}}],"line":20},"2":{"loc":{"start":{"line":26,"column":9},"end":{"line":26,"column":48}},"type":"binary-expr","locations":[{"start":{"line":26,"column":9},"end":{"line":26,"column":29}},{"start":{"line":26,"column":33},"end":{"line":26,"column":48}}],"line":26},"3":{"loc":{"start":{"line":29,"column":2},"end":{"line":31,"column":3}},"type":"if","locations":[{"start":{"line":29,"column":2},"end":{"line":31,"column":3}},{"start":{},"end":{}}],"line":29},"4":{"loc":{"start":{"line":65,"column":2},"end":{"line":67,"column":3}},"type":"if","locations":[{"start":{"line":65,"column":2},"end":{"line":67,"column":3}},{"start":{},"end":{}}],"line":65},"5":{"loc":{"start":{"line":65,"column":6},"end":{"line":65,"column":42}},"type":"binary-expr","locations":[{"start":{"line":65,"column":6},"end":{"line":65,"column":13}},{"start":{"line":65,"column":17},"end":{"line":65,"column":42}}],"line":65},"6":{"loc":{"start":{"line":118,"column":14},"end":{"line":118,"column":37}},"type":"binary-expr","locations":[{"start":{"line":118,"column":14},"end":{"line":118,"column":32}},{"start":{"line":118,"column":36},"end":{"line":118,"column":37}}],"line":118}},"s":{"0":1,"1":1,"2":5,"3":5,"4":1,"5":4,"6":4,"7":4,"8":1,"9":3,"10":3,"11":3,"12":2,"13":4,"14":8,"15":10,"16":8,"17":4,"18":4,"19":2,"20":1,"21":1,"22":1,"23":1,"24":2,"25":1,"26":1,"27":1,"28":2,"29":1,"30":1,"31":1,"32":1},"f":{"0":5,"1":4,"2":2,"3":4,"4":8,"5":10,"6":2,"7":1,"8":2,"9":1,"10":2},"b":{"0":[1,4],"1":[5,5,4],"2":[4,4],"3":[1,3],"4":[4,4],"5":[8,6],"6":[1,0]},"_coverageSchema":"1a1c01bbd47fc00a2c39e90264f33305004495a9","hash":"35fb797b95a75d1765b8254b7d8b3f6391eb5625"}}}
